2:52:36 PM WARNING: Cannot enable tray icon - Tray icon is not supported on this system
2:52:55 PM SEVERE: 
org.java.plugin.PluginLifecycleException: can't find plug-in class cz.vity.freerapid.plugins.services.rapidshare.RapidShareServiceImpl
	at org.java.plugin.standard.StandardPluginLifecycleHandler.createPluginInstance(StandardPluginLifecycleHandler.java:117)
	at org.java.plugin.standard.StandardPluginManager.activatePlugin(StandardPluginManager.java:403)
	at org.java.plugin.standard.StandardPluginManager.getPlugin(StandardPluginManager.java:217)
	at cz.vity.freerapid.gui.managers.PluginsManager.getPluginInstance(Unknown Source)
	at cz.vity.freerapid.gui.managers.PluginsManager.getActiveService(Unknown Source)
	at cz.vity.freerapid.gui.managers.PluginsManager.getService(Unknown Source)
	at cz.vity.freerapid.gui.managers.ProcessManager.execute(Unknown Source)
	at cz.vity.freerapid.gui.managers.ProcessManager.run(Unknown Source)
Caused by: java.lang.ClassNotFoundException: cz.vity.freerapid.plugins.services.rapidshare.RapidShareServiceImpl
	at org.java.plugin.standard.StandardPluginClassLoader.loadClass(StandardPluginClassLoader.java:378)
	at java.lang.ClassLoader.loadClass(ClassLoader.java:248)
	at org.java.plugin.standard.StandardPluginLifecycleHandler.createPluginInstance(StandardPluginLifecycleHandler.java:113)
	... 7 more
2:52:55 PM SEVERE: 
java.lang.IllegalArgumentException: plug-in RapidShare.com disabled internally as it wasn't properly initialized
	at org.java.plugin.standard.StandardPluginManager.getPlugin(StandardPluginManager.java:206)
	at cz.vity.freerapid.gui.managers.PluginsManager.getPluginInstance(Unknown Source)
	at cz.vity.freerapid.gui.managers.PluginsManager.getActiveService(Unknown Source)
	at cz.vity.freerapid.gui.managers.PluginsManager.getService(Unknown Source)
	at cz.vity.freerapid.gui.managers.ProcessManager.execute(Unknown Source)
	at cz.vity.freerapid.gui.managers.ProcessManager.run(Unknown Source)
6:14:23 PM WARNING: Cannot enable tray icon - Tray icon is not supported on this system
6:14:34 PM SEVERE: cz.vity.freerapid.core.tasks.DownloadTask@6f7834de failed: java.net.UnknownHostException: hotfile.com
java.net.UnknownHostException: hotfile.com
	at java.net.PlainSocketImpl.connect(PlainSocketImpl.java:177)
	at java.net.SocksSocketImpl.connect(SocksSocketImpl.java:338)
	at java.net.Socket.connect(Socket.java:529)
	at java.net.Socket.connect(Socket.java:478)
	at java.net.Socket.<init>(Socket.java:375)
	at java.net.Socket.<init>(Socket.java:249)
	at org.apache.commons.httpclient.protocol.DefaultProtocolSocketFactory.createSocket(DefaultProtocolSocketFactory.java:80)
	at org.apache.commons.httpclient.protocol.DefaultProtocolSocketFactory.createSocket(DefaultProtocolSocketFactory.java:122)
	at org.apache.commons.httpclient.HttpConnection.open(HttpConnection.java:707)
	at org.apache.commons.httpclient.HttpMethodDirector.executeWithRetry(HttpMethodDirector.java:387)
	at org.apache.commons.httpclient.HttpMethodDirector.executeMethod(HttpMethodDirector.java:171)
	at org.apache.commons.httpclient.HttpClient.executeMethod(HttpClient.java:397)
	at org.apache.commons.httpclient.HttpClient.executeMethod(HttpClient.java:323)
	at cz.vity.freerapid.plugins.webclient.DownloadClient.processHttpMethod(Unknown Source)
	at cz.vity.freerapid.plugins.webclient.DownloadClient.makeRequest(Unknown Source)
	at cz.vity.freerapid.plugins.webclient.AbstractRunner.makeRedirectedRequest(Unknown Source)
	at cz.vity.freerapid.plugins.services.hotfile.HotfileFileRunner.run(Unknown Source)
	at cz.vity.freerapid.plugins.webclient.AbstractFileShareService.run(Unknown Source)
	at cz.vity.freerapid.core.tasks.DownloadTask.doInBackground(Unknown Source)
	at cz.vity.freerapid.core.tasks.DownloadTask.doInBackground(Unknown Source)
	at javax.swing.SwingWorker$1.call(SwingWorker.java:277)
	at java.util.concurrent.FutureTask$Sync.innerRun(FutureTask.java:303)
	at java.util.concurrent.FutureTask.run(FutureTask.java:138)
	at javax.swing.SwingWorker.run(SwingWorker.java:316)
	at java.util.concurrent.ThreadPoolExecutor$Worker.runTask(ThreadPoolExecutor.java:886)
	at java.util.concurrent.ThreadPoolExecutor$Worker.run(ThreadPoolExecutor.java:908)
	at java.lang.Thread.run(Thread.java:662)
6:14:34 PM SEVERE: 
java.net.UnknownHostException: hotfile.com
	at java.net.PlainSocketImpl.connect(PlainSocketImpl.java:177)
	at java.net.SocksSocketImpl.connect(SocksSocketImpl.java:338)
	at java.net.Socket.connect(Socket.java:529)
	at java.net.Socket.connect(Socket.java:478)
	at java.net.Socket.<init>(Socket.java:375)
	at java.net.Socket.<init>(Socket.java:249)
	at org.apache.commons.httpclient.protocol.DefaultProtocolSocketFactory.createSocket(DefaultProtocolSocketFactory.java:80)
	at org.apache.commons.httpclient.protocol.DefaultProtocolSocketFactory.createSocket(DefaultProtocolSocketFactory.java:122)
	at org.apache.commons.httpclient.HttpConnection.open(HttpConnection.java:707)
	at org.apache.commons.httpclient.HttpMethodDirector.executeWithRetry(HttpMethodDirector.java:387)
	at org.apache.commons.httpclient.HttpMethodDirector.executeMethod(HttpMethodDirector.java:171)
	at org.apache.commons.httpclient.HttpClient.executeMethod(HttpClient.java:397)
	at org.apache.commons.httpclient.HttpClient.executeMethod(HttpClient.java:323)
	at cz.vity.freerapid.plugins.webclient.DownloadClient.processHttpMethod(Unknown Source)
	at cz.vity.freerapid.plugins.webclient.DownloadClient.makeRequest(Unknown Source)
	at cz.vity.freerapid.plugins.webclient.AbstractRunner.makeRedirectedRequest(Unknown Source)
	at cz.vity.freerapid.plugins.services.hotfile.HotfileFileRunner.run(Unknown Source)
	at cz.vity.freerapid.plugins.webclient.AbstractFileShareService.run(Unknown Source)
	at cz.vity.freerapid.core.tasks.DownloadTask.doInBackground(Unknown Source)
	at cz.vity.freerapid.core.tasks.DownloadTask.doInBackground(Unknown Source)
	at javax.swing.SwingWorker$1.call(SwingWorker.java:277)
	at java.util.concurrent.FutureTask$Sync.innerRun(FutureTask.java:303)
	at java.util.concurrent.FutureTask.run(FutureTask.java:138)
	at javax.swing.SwingWorker.run(SwingWorker.java:316)
	at java.util.concurrent.ThreadPoolExecutor$Worker.runTask(ThreadPoolExecutor.java:886)
	at java.util.concurrent.ThreadPoolExecutor$Worker.run(ThreadPoolExecutor.java:908)
	at java.lang.Thread.run(Thread.java:662)
6:15:18 PM WARNING: Cannot enable tray icon - Tray icon is not supported on this system
