\BOOKMARK [0][-]{chapter.1}{\376\377\000\332\000v\000o\000d}{}
\BOOKMARK [1][-]{section.1.1}{\376\377\000M\000u\000s\000\355\000m\000e\000\040\000m\000\355\000t\000\040\000c\000o\000\040\001\131\000\355\000c\000i}{chapter.1}
\BOOKMARK [1][-]{section.1.2}{\376\377\000M\000u\000s\000\355\000m\000e\000\040\000v\001\033\000d\001\033\000t\000,\000\040\000k\000o\000m\000u\000\040\000t\000o\000\040\000c\000h\000c\000e\000m\000e\000\040\001\131\000\355\000c\000i}{chapter.1}
\BOOKMARK [1][-]{section.1.3}{\376\377\000M\000u\000s\000\355\000m\000e\000\040\000s\000i\000\040\000d\000o\000k\000o\000n\000a\000l\000e\000\040\000p\000r\000o\000m\000y\000s\000l\000e\000t\000\040\000o\000b\000s\000a\000h}{chapter.1}
\BOOKMARK [1][-]{section.1.4}{\376\377\000M\000u\000s\000\355\000m\000e\000\040\000p\000s\000\341\000t\000\040\000s\000t\000r\000u\000k\000t\000u\000r\000o\000v\000a\000n\001\033}{chapter.1}
\BOOKMARK [0][-]{chapter.2}{\376\377\000X\000M\000P\000P}{}
\BOOKMARK [1][-]{section.2.1}{\376\377\000H\000i\000s\000t\000o\000r\000i\000e}{chapter.2}
\BOOKMARK [1][-]{section.2.2}{\376\377\000J\000a\000b\000b\000e\000r}{chapter.2}
\BOOKMARK [1][-]{section.2.3}{\376\377\000K\000n\000i\000h\000o\000v\000n\000y}{chapter.2}
\BOOKMARK [0][-]{chapter.3}{\376\377\000D\000a\000t\000a\000m\000i\000n\000g}{}
\BOOKMARK [0][-]{chapter.4}{\376\377\000D\000e\000v\000e\000l\000o\000p\000e\000r}{}
\BOOKMARK [1][-]{section.4.1}{\376\377\000C\000i\000l\000e}{chapter.4}
\BOOKMARK [1][-]{section.4.2}{\376\377\000S\000l\000e\000p\000a\000\040\000u\000l\000i\000c\000k\000a}{chapter.4}
\BOOKMARK [1][-]{section.4.3}{\376\377\000k\000n\000i\000h\000i\000v\000n\000a\000,\000\040\000j\000a\000z\000y\000k}{chapter.4}
\BOOKMARK [1][-]{section.4.4}{\376\377\000J\000i\000n\000e\000\040\000p\000r\000o\000d\000u\000k\000t\000y}{chapter.4}
\BOOKMARK [0][-]{chapter.5}{\376\377\000N\000i\000k\000d\000y\000\040\000t\000o\000\040\000n\000e\000b\000u\000d\000e\000\040\000n\000a\000p\000r\000o\000s\000t\000o\000\040\000d\000o\000k\000o\000n\000a\000l\000\351}{}
\BOOKMARK [0][-]{chapter.6}{\376\377\000T\000y\000p\000o\000g\000r\000a\000f\000i\000c\000k\000\351\000\040\000a\000\040\000j\000a\000z\000y\000k\000o\000v\000\351\000\040\000z\000\341\000s\000a\000d\000y}{}
\BOOKMARK [1][-]{section.6.1}{\376\377\000C\000o\000\040\000t\000o\000\040\000j\000e\000\040\000n\000o\000r\000m\000o\000v\000a\000n\000\341\000\040\000s\000t\000r\000\341\000n\000k\000a\000?}{chapter.6}
\BOOKMARK [0][-]{chapter.7}{\376\377\000Z\000\341\000v\001\033\000r}{}
\BOOKMARK [0][-]{appendix.A}{\376\377\000S\000t\000r\000u\000k\000t\000u\000r\000a\000\040\000X\000M\000P\000P}{}
\BOOKMARK [0][-]{appendix.B}{\376\377\000S\000l\000o\000v\000n\000i\000k\000\040\000p\000o\000j\000m\000u}{}
