\BOOKMARK [0][-]{chapter.1}{\376\377\000\332\000v\000o\000d}{}
\BOOKMARK [0][-]{chapter.2}{\376\377\000X\000M\000P\000P}{}
\BOOKMARK [1][-]{section.2.1}{\376\377\000A\000r\000c\000h\000i\000t\000e\000k\000t\000u\000r\000a}{chapter.2}
\BOOKMARK [1][-]{section.2.2}{\376\377\000X\000M\000L}{chapter.2}
\BOOKMARK [1][-]{section.2.3}{\376\377\000S\000t\000a\000n\000z\000a}{chapter.2}
\BOOKMARK [1][-]{section.2.4}{\376\377\000R\000o\000z\001\141\000\355\001\131\000e\000n\000\355}{chapter.2}
\BOOKMARK [1][-]{section.2.5}{\376\377\000K\000n\000i\000h\000o\000v\000n\000y}{chapter.2}
\BOOKMARK [0][-]{chapter.3}{\376\377\000D\000a\000t\000a\000\040\000m\000i\000n\000i\000n\000g}{}
\BOOKMARK [1][-]{section.3.1}{\376\377\000M\000e\000t\000o\000d\000y\000\040\000d\000o\000l\000o\000v\000a\000n\000\355\000\040\000d\000a\000t}{chapter.3}
\BOOKMARK [1][-]{section.3.2}{\376\377\000s\000h\000l\000u\000k\000o\000v\000\341\000n\000\355}{chapter.3}
\BOOKMARK [1][-]{section.3.3}{\376\377\000D\000o\000l\000o\000v\000a\000n\000\355\000\040\000z\000n\000a\000l\000o\000s\000t\000i\000\040\000z\000\040\000d\000a\000t\000a\000b\000\341\000z\000\355}{chapter.3}
\BOOKMARK [1][-]{section.3.4}{\376\377\000P\000r\000o\000g\000r\000a\000m\000y}{chapter.3}
\BOOKMARK [0][-]{chapter.4}{\376\377\000D\000e\000v\000e\000l\000o\000p\000e\000r}{}
\BOOKMARK [1][-]{section.4.1}{\376\377\000D\000a\000t\000a\000b\000\341\000z\000e}{chapter.4}
\BOOKMARK [1][-]{section.4.2}{\376\377\000B\000o\000t}{chapter.4}
\BOOKMARK [1][-]{section.4.3}{\376\377\000K\000n\000i\000h\000o\000v\000n\000y\000,\000\040\000j\000a\000z\000y\000k}{chapter.4}
\BOOKMARK [1][-]{section.4.4}{\376\377\000J\000i\000n\000\351\000\040\000p\000r\000o\000d\000u\000k\000t\000y}{chapter.4}
\BOOKMARK [0][-]{chapter.5}{\376\377\000Z\000\341\000v\001\033\000r}{}
\BOOKMARK [0][-]{appendix.A}{\376\377\000O\000b\000s\000a\000h\000\040\000C\000D}{}
\BOOKMARK [0][-]{appendix.B}{\376\377\000M\000a\000n\000u\000a\000l}{}
\BOOKMARK [0][-]{appendix.C}{\376\377\000K\000o\000n\000f\000i\000g\000r\000a\001\015\000n\000\355\000\040\000s\000o\000u\000b\000o\000r}{}
\BOOKMARK [0][-]{appendix.D}{\376\377\000S\000l\000o\000v\000n\000\355\000k\000\040\000v\000\375\000r\000a\000z\001\157}{}
\BOOKMARK [0][-]{appendix.E}{\376\377\000S\000t\000a\000n\000z\000a\000\040\000-\000\040\000z\000\341\000k\000l\000a\000d\000n\000\355\000\040\000s\000c\000h\000\351\000m\000a}{}
\BOOKMARK [1][-]{section.E.1}{\376\377\000i\000q}{appendix.E}
\BOOKMARK [1][-]{section.E.2}{\376\377\000M\000e\000s\000s\000a\000g\000e}{appendix.E}
\BOOKMARK [1][-]{section.E.3}{\376\377\000P\000r\000e\000s\000e\000n\000c\000e}{appendix.E}
